<?xml version="1.0" encoding="UTF-8"?>
<!-- Generated by org.testng.reporters.JUnitXMLReporter -->
<testsuite hostname="gbibc-dv00-17-v" ignored="6" name="Default test" tests="1" failures="0" timestamp="12 Dec 2017 10:09:48 GMT" time="1.597" errors="0">
  <testcase name="testICSGetImageQuery" time="1.576" classname="com.ics.tests.ia.RegressionSuite_WebServices_IA"/>
  <testcase name="testICSItemCaptureHistoryQuery" time="0.0" classname="com.ics.tests.ia.RegressionSuite_WebServices_IA">
    <ignored/>
  </testcase> <!-- testICSItemCaptureHistoryQuery -->
  <testcase name="testICSDebitFraudItemDetailsQuery" time="0.0" classname="com.ics.tests.ia.RegressionSuite_WebServices_IA">
    <ignored/>
  </testcase> <!-- testICSDebitFraudItemDetailsQuery -->
  <testcase name="testICSRepairedItemDetailsQuery" time="0.0" classname="com.ics.tests.ia.RegressionSuite_WebServices_IA">
    <ignored/>
  </testcase> <!-- testICSRepairedItemDetailsQuery -->
  <testcase name="testICSItemSearchQuery" time="0.0" classname="com.ics.tests.ia.RegressionSuite_WebServices_IA">
    <ignored/>
  </testcase> <!-- testICSItemSearchQuery -->
  <testcase name="testICSCreditFraudItemDetailsQuery" time="0.0" classname="com.ics.tests.ia.RegressionSuite_WebServices_IA">
    <ignored/>
  </testcase> <!-- testICSCreditFraudItemDetailsQuery -->
  <testcase name="testICSDefaultedItemDetailsQuery" time="0.0" classname="com.ics.tests.ia.RegressionSuite_WebServices_IA">
    <ignored/>
  </testcase> <!-- testICSDefaultedItemDetailsQuery -->
</testsuite> <!-- Default test -->
